{
  message: '\t\u001b[32mListening on port 3000...\u001b[39m',
  level: '\u001b[32minfo\u001b[39m',
  timestamp: '2020-12-13 09:38:10'
}
{
  message: '\t\u001b[32mConnected to mongodb://localhost/hobbyist...\u001b[39m',
  level: '\u001b[32minfo\u001b[39m',
  timestamp: '2020-12-13 09:38:10'
}
{
  message: '\t\u001b[32mListening on port 3000...\u001b[39m',
  level: '\u001b[32minfo\u001b[39m',
  timestamp: '2020-12-13 09:38:17'
}
{
  message: '\t\u001b[32mConnected to mongodb://localhost/hobbyist...\u001b[39m',
  level: '\u001b[32minfo\u001b[39m',
  timestamp: '2020-12-13 09:38:17'
}
{
  message: '\t\u001b[32mListening on port 3000...\u001b[39m',
  level: '\u001b[32minfo\u001b[39m',
  timestamp: '2020-12-13 09:39:41'
}
{
  message: '\t\u001b[32mConnected to mongodb://localhost/hobbyist...\u001b[39m',
  level: '\u001b[32minfo\u001b[39m',
  timestamp: '2020-12-13 09:39:41'
}
{
  message: '\t\u001b[32mListening on port 3000...\u001b[39m',
  level: '\u001b[32minfo\u001b[39m',
  timestamp: '2020-12-13 09:40:52'
}
{
  message: '\t\u001b[32mConnected to mongodb://localhost/hobbyist...\u001b[39m',
  level: '\u001b[32minfo\u001b[39m',
  timestamp: '2020-12-13 09:40:52'
}
{
  message: '\t\u001b[32mListening on port 3000...\u001b[39m',
  level: '\u001b[32minfo\u001b[39m',
  timestamp: '2020-12-13 09:41:05'
}
{
  message: '\t\u001b[32mConnected to mongodb://localhost/hobbyist...\u001b[39m',
  level: '\u001b[32minfo\u001b[39m',
  timestamp: '2020-12-13 09:41:05'
}
{
  message: '\t\u001b[32mListening on port 3000...\u001b[39m',
  level: '\u001b[32minfo\u001b[39m',
  timestamp: '2020-12-13 09:47:21'
}
{
  message: '\t\u001b[32mConnected to mongodb://localhost/hobbyist...\u001b[39m',
  level: '\u001b[32minfo\u001b[39m',
  timestamp: '2020-12-13 09:47:21'
}
{
  message: '\t\u001b[32mListening on port 3000...\u001b[39m',
  level: '\u001b[32minfo\u001b[39m',
  timestamp: '2020-12-13 09:47:38'
}
{
  message: '\t\u001b[32mConnected to mongodb://localhost/hobbyist...\u001b[39m',
  level: '\u001b[32minfo\u001b[39m',
  timestamp: '2020-12-13 09:47:38'
}
