{
  code: 'ERR_HTTP_HEADERS_SENT',
  level: '\u001b[31merror\u001b[39m',
  message: '\t\u001b[31mCannot set headers after they are sent to the client Cannot set headers after they are sent to the client\u001b[39m',
  stack: 'Error [ERR_HTTP_HEADERS_SENT]: Cannot set headers after they are sent to the client\n' +
    '    at ServerResponse.setHeader (_http_outgoing.js:518:11)\n' +
    '    at ServerResponse.header (C:\\Users\\Austin\\node\\node-course\\hobbyistServer\\node_modules\\express\\lib\\response.js:771:10)\n' +
    '    at ServerResponse.send (C:\\Users\\Austin\\node\\node-course\\hobbyistServer\\node_modules\\express\\lib\\response.js:170:12)\n' +
    '    at C:\\Users\\Austin\\node\\node-course\\hobbyistServer\\middleware\\findJoinedGroup.js:7:8\n' +
    '    at C:\\Users\\Austin\\node\\node-course\\hobbyistServer\\node_modules\\mongoose\\lib\\model.js:4850:16\n' +
    '    at C:\\Users\\Austin\\node\\node-course\\hobbyistServer\\node_modules\\mongoose\\lib\\model.js:4850:16\n' +
    '    at C:\\Users\\Austin\\node\\node-course\\hobbyistServer\\node_modules\\mongoose\\lib\\helpers\\promiseOrCallback.js:24:16\n' +
    '    at C:\\Users\\Austin\\node\\node-course\\hobbyistServer\\node_modules\\mongoose\\lib\\model.js:4873:21\n' +
    '    at C:\\Users\\Austin\\node\\node-course\\hobbyistServer\\node_modules\\mongoose\\lib\\query.js:4397:11\n' +
    '    at C:\\Users\\Austin\\node\\node-course\\hobbyistServer\\node_modules\\kareem\\index.js:136:16\n' +
    '    at processTicksAndRejections (internal/process/task_queues.js:79:11)',
  timestamp: '2021-01-26 18:48:01'
}
{
  code: 'ERR_HTTP_HEADERS_SENT',
  level: '\u001b[31merror\u001b[39m',
  message: '\t\u001b[31mCannot set headers after they are sent to the client Cannot set headers after they are sent to the client\u001b[39m',
  stack: 'Error [ERR_HTTP_HEADERS_SENT]: Cannot set headers after they are sent to the client\n' +
    '    at ServerResponse.setHeader (_http_outgoing.js:518:11)\n' +
    '    at ServerResponse.header (C:\\Users\\Austin\\node\\node-course\\hobbyistServer\\node_modules\\express\\lib\\response.js:771:10)\n' +
    '    at ServerResponse.send (C:\\Users\\Austin\\node\\node-course\\hobbyistServer\\node_modules\\express\\lib\\response.js:170:12)\n' +
    '    at C:\\Users\\Austin\\node\\node-course\\hobbyistServer\\middleware\\findJoinedGroup.js:7:8\n' +
    '    at C:\\Users\\Austin\\node\\node-course\\hobbyistServer\\node_modules\\mongoose\\lib\\model.js:4850:16\n' +
    '    at C:\\Users\\Austin\\node\\node-course\\hobbyistServer\\node_modules\\mongoose\\lib\\model.js:4850:16\n' +
    '    at C:\\Users\\Austin\\node\\node-course\\hobbyistServer\\node_modules\\mongoose\\lib\\helpers\\promiseOrCallback.js:24:16\n' +
    '    at C:\\Users\\Austin\\node\\node-course\\hobbyistServer\\node_modules\\mongoose\\lib\\model.js:4873:21\n' +
    '    at C:\\Users\\Austin\\node\\node-course\\hobbyistServer\\node_modules\\mongoose\\lib\\query.js:4397:11\n' +
    '    at C:\\Users\\Austin\\node\\node-course\\hobbyistServer\\node_modules\\kareem\\index.js:136:16\n' +
    '    at processTicksAndRejections (internal/process/task_queues.js:79:11)',
  timestamp: '2021-01-26 18:50:00'
}
{
  code: 'ERR_HTTP_HEADERS_SENT',
  level: '\u001b[31merror\u001b[39m',
  message: '\t\u001b[31mCannot set headers after they are sent to the client Cannot set headers after they are sent to the client\u001b[39m',
  stack: 'Error [ERR_HTTP_HEADERS_SENT]: Cannot set headers after they are sent to the client\n' +
    '    at ServerResponse.setHeader (_http_outgoing.js:518:11)\n' +
    '    at ServerResponse.header (C:\\Users\\Austin\\node\\node-course\\hobbyistServer\\node_modules\\express\\lib\\response.js:771:10)\n' +
    '    at ServerResponse.send (C:\\Users\\Austin\\node\\node-course\\hobbyistServer\\node_modules\\express\\lib\\response.js:170:12)\n' +
    '    at C:\\Users\\Austin\\node\\node-course\\hobbyistServer\\middleware\\findJoinedGroup.js:7:8\n' +
    '    at C:\\Users\\Austin\\node\\node-course\\hobbyistServer\\node_modules\\mongoose\\lib\\model.js:4850:16\n' +
    '    at C:\\Users\\Austin\\node\\node-course\\hobbyistServer\\node_modules\\mongoose\\lib\\model.js:4850:16\n' +
    '    at C:\\Users\\Austin\\node\\node-course\\hobbyistServer\\node_modules\\mongoose\\lib\\helpers\\promiseOrCallback.js:24:16\n' +
    '    at C:\\Users\\Austin\\node\\node-course\\hobbyistServer\\node_modules\\mongoose\\lib\\model.js:4873:21\n' +
    '    at C:\\Users\\Austin\\node\\node-course\\hobbyistServer\\node_modules\\mongoose\\lib\\query.js:4397:11\n' +
    '    at C:\\Users\\Austin\\node\\node-course\\hobbyistServer\\node_modules\\kareem\\index.js:136:16\n' +
    '    at processTicksAndRejections (internal/process/task_queues.js:79:11)',
  timestamp: '2021-01-26 18:51:42'
}
