{
  message: '\t\u001b[32mListening on port 3000...\u001b[39m',
  level: '\u001b[32minfo\u001b[39m',
  timestamp: '2020-12-13 09:38:10'
}
{
  message: '\t\u001b[32mConnected to mongodb://localhost/hobbyist...\u001b[39m',
  level: '\u001b[32minfo\u001b[39m',
  timestamp: '2020-12-13 09:38:10'
}
{
  message: '\t\u001b[32mListening on port 3000...\u001b[39m',
  level: '\u001b[32minfo\u001b[39m',
  timestamp: '2020-12-13 09:38:17'
}
{
  message: '\t\u001b[32mConnected to mongodb://localhost/hobbyist...\u001b[39m',
  level: '\u001b[32minfo\u001b[39m',
  timestamp: '2020-12-13 09:38:17'
}
{
  message: '\t\u001b[32mListening on port 3000...\u001b[39m',
  level: '\u001b[32minfo\u001b[39m',
  timestamp: '2020-12-13 09:39:41'
}
{
  message: '\t\u001b[32mConnected to mongodb://localhost/hobbyist...\u001b[39m',
  level: '\u001b[32minfo\u001b[39m',
  timestamp: '2020-12-13 09:39:41'
}
{
  message: '\t\u001b[32mListening on port 3000...\u001b[39m',
  level: '\u001b[32minfo\u001b[39m',
  timestamp: '2020-12-13 09:40:52'
}
{
  message: '\t\u001b[32mConnected to mongodb://localhost/hobbyist...\u001b[39m',
  level: '\u001b[32minfo\u001b[39m',
  timestamp: '2020-12-13 09:40:52'
}
{
  message: '\t\u001b[32mListening on port 3000...\u001b[39m',
  level: '\u001b[32minfo\u001b[39m',
  timestamp: '2020-12-13 09:41:05'
}
{
  message: '\t\u001b[32mConnected to mongodb://localhost/hobbyist...\u001b[39m',
  level: '\u001b[32minfo\u001b[39m',
  timestamp: '2020-12-13 09:41:05'
}
{
  message: '\t\u001b[32mListening on port 3000...\u001b[39m',
  level: '\u001b[32minfo\u001b[39m',
  timestamp: '2020-12-13 09:47:21'
}
{
  message: '\t\u001b[32mConnected to mongodb://localhost/hobbyist...\u001b[39m',
  level: '\u001b[32minfo\u001b[39m',
  timestamp: '2020-12-13 09:47:21'
}
{
  message: '\t\u001b[32mListening on port 3000...\u001b[39m',
  level: '\u001b[32minfo\u001b[39m',
  timestamp: '2020-12-13 09:47:38'
}
{
  message: '\t\u001b[32mConnected to mongodb://localhost/hobbyist...\u001b[39m',
  level: '\u001b[32minfo\u001b[39m',
  timestamp: '2020-12-13 09:47:38'
}
{
  message: '\t\u001b[32mListening on port 3000...\u001b[39m',
  level: '\u001b[32minfo\u001b[39m',
  timestamp: '2020-12-13 12:12:42'
}
{
  message: '\t\u001b[32mConnected to mongodb://localhost/hobbyist...\u001b[39m',
  level: '\u001b[32minfo\u001b[39m',
  timestamp: '2020-12-13 12:12:42'
}
{
  message: '\t\u001b[32mListening on port 3000...\u001b[39m',
  level: '\u001b[32minfo\u001b[39m',
  timestamp: '2020-12-13 12:18:17'
}
{
  message: '\t\u001b[32mConnected to mongodb://localhost/hobbyist...\u001b[39m',
  level: '\u001b[32minfo\u001b[39m',
  timestamp: '2020-12-13 12:18:17'
}
{
  message: '\t\u001b[32mListening on port 3000...\u001b[39m',
  level: '\u001b[32minfo\u001b[39m',
  timestamp: '2020-12-13 12:18:24'
}
{
  message: '\t\u001b[32mConnected to mongodb://localhost/hobbyist...\u001b[39m',
  level: '\u001b[32minfo\u001b[39m',
  timestamp: '2020-12-13 12:18:24'
}
{
  message: '\t\u001b[32mListening on port 3000...\u001b[39m',
  level: '\u001b[32minfo\u001b[39m',
  timestamp: '2020-12-13 12:18:28'
}
{
  message: '\t\u001b[32mConnected to mongodb://localhost/hobbyist...\u001b[39m',
  level: '\u001b[32minfo\u001b[39m',
  timestamp: '2020-12-13 12:18:28'
}
{
  message: '\t\u001b[32mListening on port 3000...\u001b[39m',
  level: '\u001b[32minfo\u001b[39m',
  timestamp: '2020-12-13 12:28:51'
}
{
  message: '\t\u001b[32mConnected to mongodb://localhost/hobbyist...\u001b[39m',
  level: '\u001b[32minfo\u001b[39m',
  timestamp: '2020-12-13 12:28:51'
}
{
  message: '\t\u001b[32mListening on port 3000...\u001b[39m',
  level: '\u001b[32minfo\u001b[39m',
  timestamp: '2020-12-13 12:29:05'
}
{
  message: '\t\u001b[32mConnected to mongodb://localhost/hobbyist...\u001b[39m',
  level: '\u001b[32minfo\u001b[39m',
  timestamp: '2020-12-13 12:29:05'
}
{
  message: '\t\u001b[32mListening on port 3000...\u001b[39m',
  level: '\u001b[32minfo\u001b[39m',
  timestamp: '2020-12-13 12:29:11'
}
{
  message: '\t\u001b[32mConnected to mongodb://localhost/hobbyist...\u001b[39m',
  level: '\u001b[32minfo\u001b[39m',
  timestamp: '2020-12-13 12:29:11'
}
{
  message: '\t\u001b[32mListening on port 3000...\u001b[39m',
  level: '\u001b[32minfo\u001b[39m',
  timestamp: '2020-12-13 12:29:32'
}
{
  message: '\t\u001b[32mConnected to mongodb://localhost/hobbyist...\u001b[39m',
  level: '\u001b[32minfo\u001b[39m',
  timestamp: '2020-12-13 12:29:32'
}
{
  message: '\t\u001b[32mListening on port 3000...\u001b[39m',
  level: '\u001b[32minfo\u001b[39m',
  timestamp: '2020-12-13 12:30:37'
}
{
  message: '\t\u001b[32mConnected to mongodb://localhost/hobbyist...\u001b[39m',
  level: '\u001b[32minfo\u001b[39m',
  timestamp: '2020-12-13 12:30:37'
}
{
  message: '\t\u001b[32mListening on port 3000...\u001b[39m',
  level: '\u001b[32minfo\u001b[39m',
  timestamp: '2020-12-13 12:31:01'
}
{
  message: '\t\u001b[32mConnected to mongodb://localhost/hobbyist...\u001b[39m',
  level: '\u001b[32minfo\u001b[39m',
  timestamp: '2020-12-13 12:31:01'
}
{
  message: '\t\u001b[32mListening on port 3000...\u001b[39m',
  level: '\u001b[32minfo\u001b[39m',
  timestamp: '2020-12-13 12:38:29'
}
{
  message: '\t\u001b[32mConnected to mongodb://localhost/hobbyist...\u001b[39m',
  level: '\u001b[32minfo\u001b[39m',
  timestamp: '2020-12-13 12:38:29'
}
{
  message: '\t\u001b[32mListening on port 3000...\u001b[39m',
  level: '\u001b[32minfo\u001b[39m',
  timestamp: '2020-12-13 12:40:12'
}
{
  message: '\t\u001b[32mConnected to mongodb://localhost/hobbyist...\u001b[39m',
  level: '\u001b[32minfo\u001b[39m',
  timestamp: '2020-12-13 12:40:12'
}
{
  message: '\t\u001b[32mListening on port 3000...\u001b[39m',
  level: '\u001b[32minfo\u001b[39m',
  timestamp: '2020-12-13 12:40:32'
}
{
  message: '\t\u001b[32mConnected to mongodb://localhost/hobbyist...\u001b[39m',
  level: '\u001b[32minfo\u001b[39m',
  timestamp: '2020-12-13 12:40:32'
}
{
  message: '\t\u001b[32mListening on port 3000...\u001b[39m',
  level: '\u001b[32minfo\u001b[39m',
  timestamp: '2020-12-13 12:41:00'
}
{
  message: '\t\u001b[32mConnected to mongodb://localhost/hobbyist...\u001b[39m',
  level: '\u001b[32minfo\u001b[39m',
  timestamp: '2020-12-13 12:41:00'
}
{
  message: '\t\u001b[32mListening on port 3000...\u001b[39m',
  level: '\u001b[32minfo\u001b[39m',
  timestamp: '2020-12-13 12:41:14'
}
{
  message: '\t\u001b[32mConnected to mongodb://localhost/hobbyist...\u001b[39m',
  level: '\u001b[32minfo\u001b[39m',
  timestamp: '2020-12-13 12:41:14'
}
{
  message: '\t\u001b[32mListening on port 3000...\u001b[39m',
  level: '\u001b[32minfo\u001b[39m',
  timestamp: '2020-12-13 12:41:24'
}
{
  message: '\t\u001b[32mConnected to mongodb://localhost/hobbyist...\u001b[39m',
  level: '\u001b[32minfo\u001b[39m',
  timestamp: '2020-12-13 12:41:24'
}
{
  message: '\t\u001b[32mListening on port 3000...\u001b[39m',
  level: '\u001b[32minfo\u001b[39m',
  timestamp: '2020-12-13 12:41:26'
}
{
  message: '\t\u001b[32mConnected to mongodb://localhost/hobbyist...\u001b[39m',
  level: '\u001b[32minfo\u001b[39m',
  timestamp: '2020-12-13 12:41:26'
}
{
  message: '\t\u001b[32mListening on port 3000...\u001b[39m',
  level: '\u001b[32minfo\u001b[39m',
  timestamp: '2020-12-13 12:43:31'
}
{
  message: '\t\u001b[32mConnected to mongodb://localhost/hobbyist...\u001b[39m',
  level: '\u001b[32minfo\u001b[39m',
  timestamp: '2020-12-13 12:43:31'
}
{
  message: '\t\u001b[32mListening on port 3000...\u001b[39m',
  level: '\u001b[32minfo\u001b[39m',
  timestamp: '2020-12-13 12:44:03'
}
{
  message: '\t\u001b[32mConnected to mongodb://localhost/hobbyist...\u001b[39m',
  level: '\u001b[32minfo\u001b[39m',
  timestamp: '2020-12-13 12:44:03'
}
{
  message: '\t\u001b[32mListening on port 3000...\u001b[39m',
  level: '\u001b[32minfo\u001b[39m',
  timestamp: '2020-12-13 12:44:07'
}
{
  message: '\t\u001b[32mConnected to mongodb://localhost/hobbyist...\u001b[39m',
  level: '\u001b[32minfo\u001b[39m',
  timestamp: '2020-12-13 12:44:07'
}
{
  message: '\t\u001b[32mListening on port 3000...\u001b[39m',
  level: '\u001b[32minfo\u001b[39m',
  timestamp: '2020-12-13 12:44:17'
}
{
  message: '\t\u001b[32mConnected to mongodb://localhost/hobbyist...\u001b[39m',
  level: '\u001b[32minfo\u001b[39m',
  timestamp: '2020-12-13 12:44:17'
}
{
  message: '\t\u001b[32mListening on port 3000...\u001b[39m',
  level: '\u001b[32minfo\u001b[39m',
  timestamp: '2020-12-13 12:44:18'
}
{
  message: '\t\u001b[32mConnected to mongodb://localhost/hobbyist...\u001b[39m',
  level: '\u001b[32minfo\u001b[39m',
  timestamp: '2020-12-13 12:44:18'
}
{
  message: '\t\u001b[32mListening on port 3000...\u001b[39m',
  level: '\u001b[32minfo\u001b[39m',
  timestamp: '2020-12-13 12:44:37'
}
{
  message: '\t\u001b[32mConnected to mongodb://localhost/hobbyist...\u001b[39m',
  level: '\u001b[32minfo\u001b[39m',
  timestamp: '2020-12-13 12:44:37'
}
{
  message: '\t\u001b[32mListening on port 3000...\u001b[39m',
  level: '\u001b[32minfo\u001b[39m',
  timestamp: '2020-12-13 12:45:18'
}
{
  message: '\t\u001b[32mConnected to mongodb://localhost/hobbyist...\u001b[39m',
  level: '\u001b[32minfo\u001b[39m',
  timestamp: '2020-12-13 12:45:18'
}
{
  message: '\t\u001b[32mListening on port 3000...\u001b[39m',
  level: '\u001b[32minfo\u001b[39m',
  timestamp: '2020-12-13 12:45:20'
}
{
  message: '\t\u001b[32mConnected to mongodb://localhost/hobbyist...\u001b[39m',
  level: '\u001b[32minfo\u001b[39m',
  timestamp: '2020-12-13 12:45:20'
}
{
  message: '\t\u001b[32mListening on port 3000...\u001b[39m',
  level: '\u001b[32minfo\u001b[39m',
  timestamp: '2020-12-13 12:45:26'
}
{
  message: '\t\u001b[32mConnected to mongodb://localhost/hobbyist...\u001b[39m',
  level: '\u001b[32minfo\u001b[39m',
  timestamp: '2020-12-13 12:45:26'
}
{
  message: '\t\u001b[32mListening on port 3000...\u001b[39m',
  level: '\u001b[32minfo\u001b[39m',
  timestamp: '2020-12-13 13:29:28'
}
{
  message: '\t\u001b[32mConnected to mongodb://localhost/hobbyist...\u001b[39m',
  level: '\u001b[32minfo\u001b[39m',
  timestamp: '2020-12-13 13:29:28'
}
{
  message: '\t\u001b[32mListening on port 3000...\u001b[39m',
  level: '\u001b[32minfo\u001b[39m',
  timestamp: '2020-12-13 13:41:06'
}
{
  message: '\t\u001b[32mConnected to mongodb://localhost/hobbyist...\u001b[39m',
  level: '\u001b[32minfo\u001b[39m',
  timestamp: '2020-12-13 13:41:06'
}
{
  message: '\t\u001b[32mListening on port 3000...\u001b[39m',
  level: '\u001b[32minfo\u001b[39m',
  timestamp: '2020-12-13 13:47:23'
}
{
  message: '\t\u001b[32mConnected to mongodb://localhost/hobbyist...\u001b[39m',
  level: '\u001b[32minfo\u001b[39m',
  timestamp: '2020-12-13 13:47:23'
}
{
  message: '\t\u001b[32mListening on port 3000...\u001b[39m',
  level: '\u001b[32minfo\u001b[39m',
  timestamp: '2020-12-13 13:49:54'
}
{
  message: '\t\u001b[32mConnected to mongodb://localhost/hobbyist...\u001b[39m',
  level: '\u001b[32minfo\u001b[39m',
  timestamp: '2020-12-13 13:49:54'
}
{
  message: '\t\u001b[32mListening on port 3000...\u001b[39m',
  level: '\u001b[32minfo\u001b[39m',
  timestamp: '2020-12-13 13:50:00'
}
{
  message: '\t\u001b[32mConnected to mongodb://localhost/hobbyist...\u001b[39m',
  level: '\u001b[32minfo\u001b[39m',
  timestamp: '2020-12-13 13:50:00'
}
{
  message: '\t\u001b[32mListening on port 3000...\u001b[39m',
  level: '\u001b[32minfo\u001b[39m',
  timestamp: '2020-12-13 13:51:34'
}
{
  message: '\t\u001b[32mConnected to mongodb://localhost/hobbyist...\u001b[39m',
  level: '\u001b[32minfo\u001b[39m',
  timestamp: '2020-12-13 13:51:34'
}
{
  message: '\t\u001b[32mListening on port 3000...\u001b[39m',
  level: '\u001b[32minfo\u001b[39m',
  timestamp: '2020-12-13 13:52:08'
}
{
  message: '\t\u001b[32mConnected to mongodb://localhost/hobbyist...\u001b[39m',
  level: '\u001b[32minfo\u001b[39m',
  timestamp: '2020-12-13 13:52:08'
}
{
  message: '\t\u001b[32mListening on port 3000...\u001b[39m',
  level: '\u001b[32minfo\u001b[39m',
  timestamp: '2020-12-13 13:52:39'
}
{
  message: '\t\u001b[32mConnected to mongodb://localhost/hobbyist...\u001b[39m',
  level: '\u001b[32minfo\u001b[39m',
  timestamp: '2020-12-13 13:52:39'
}
{
  message: '\t\u001b[32mListening on port 3000...\u001b[39m',
  level: '\u001b[32minfo\u001b[39m',
  timestamp: '2020-12-13 13:52:44'
}
{
  message: '\t\u001b[32mConnected to mongodb://localhost/hobbyist...\u001b[39m',
  level: '\u001b[32minfo\u001b[39m',
  timestamp: '2020-12-13 13:52:44'
}
{
  message: '\t\u001b[32mListening on port 3000...\u001b[39m',
  level: '\u001b[32minfo\u001b[39m',
  timestamp: '2020-12-13 13:52:56'
}
{
  message: '\t\u001b[32mConnected to mongodb://localhost/hobbyist...\u001b[39m',
  level: '\u001b[32minfo\u001b[39m',
  timestamp: '2020-12-13 13:52:56'
}
{
  message: '\t\u001b[32mListening on port 3000...\u001b[39m',
  level: '\u001b[32minfo\u001b[39m',
  timestamp: '2020-12-13 14:29:56'
}
{
  message: '\t\u001b[32mConnected to mongodb://localhost/hobbyist...\u001b[39m',
  level: '\u001b[32minfo\u001b[39m',
  timestamp: '2020-12-13 14:29:56'
}
{
  message: '\t\u001b[32mListening on port 3000...\u001b[39m',
  level: '\u001b[32minfo\u001b[39m',
  timestamp: '2020-12-13 14:30:10'
}
{
  message: '\t\u001b[32mConnected to mongodb://localhost/hobbyist...\u001b[39m',
  level: '\u001b[32minfo\u001b[39m',
  timestamp: '2020-12-13 14:30:10'
}
{
  message: '\t\u001b[32mListening on port 3000...\u001b[39m',
  level: '\u001b[32minfo\u001b[39m',
  timestamp: '2020-12-13 14:30:27'
}
{
  message: '\t\u001b[32mConnected to mongodb://localhost/hobbyist...\u001b[39m',
  level: '\u001b[32minfo\u001b[39m',
  timestamp: '2020-12-13 14:30:27'
}
{
  message: '\t\u001b[32mListening on port 3000...\u001b[39m',
  level: '\u001b[32minfo\u001b[39m',
  timestamp: '2020-12-13 14:30:51'
}
{
  message: '\t\u001b[32mConnected to mongodb://localhost/hobbyist...\u001b[39m',
  level: '\u001b[32minfo\u001b[39m',
  timestamp: '2020-12-13 14:30:51'
}
{
  message: '\t\u001b[32mListening on port 3000...\u001b[39m',
  level: '\u001b[32minfo\u001b[39m',
  timestamp: '2020-12-14 19:26:32'
}
{
  message: '\t\u001b[32mConnected to mongodb://localhost/hobbyist...\u001b[39m',
  level: '\u001b[32minfo\u001b[39m',
  timestamp: '2020-12-14 19:26:32'
}
{
  message: '\t\u001b[32mListening on port 3000...\u001b[39m',
  level: '\u001b[32minfo\u001b[39m',
  timestamp: '2020-12-14 19:54:21'
}
{
  message: '\t\u001b[32mConnected to mongodb://localhost/hobbyist...\u001b[39m',
  level: '\u001b[32minfo\u001b[39m',
  timestamp: '2020-12-14 19:54:21'
}
{
  message: '\t\u001b[32mListening on port 3000...\u001b[39m',
  level: '\u001b[32minfo\u001b[39m',
  timestamp: '2020-12-14 22:41:50'
}
{
  message: '\t\u001b[32mConnected to mongodb://localhost/hobbyist...\u001b[39m',
  level: '\u001b[32minfo\u001b[39m',
  timestamp: '2020-12-14 22:41:50'
}
{
  message: '\t\u001b[32mListening on port 3000...\u001b[39m',
  level: '\u001b[32minfo\u001b[39m',
  timestamp: '2020-12-14 22:43:25'
}
{
  message: '\t\u001b[32mConnected to mongodb://localhost/hobbyist...\u001b[39m',
  level: '\u001b[32minfo\u001b[39m',
  timestamp: '2020-12-14 22:43:25'
}
{
  message: '\t\u001b[32mListening on port 3000...\u001b[39m',
  level: '\u001b[32minfo\u001b[39m',
  timestamp: '2020-12-14 22:45:46'
}
{
  message: '\t\u001b[32mConnected to mongodb://localhost/hobbyist...\u001b[39m',
  level: '\u001b[32minfo\u001b[39m',
  timestamp: '2020-12-14 22:45:46'
}
{
  message: '\t\u001b[32mListening on port 3000...\u001b[39m',
  level: '\u001b[32minfo\u001b[39m',
  timestamp: '2020-12-14 22:46:04'
}
{
  message: '\t\u001b[32mConnected to mongodb://localhost/hobbyist...\u001b[39m',
  level: '\u001b[32minfo\u001b[39m',
  timestamp: '2020-12-14 22:46:04'
}
{
  message: '\t\u001b[32mListening on port 3000...\u001b[39m',
  level: '\u001b[32minfo\u001b[39m',
  timestamp: '2020-12-14 22:46:10'
}
{
  message: '\t\u001b[32mConnected to mongodb://localhost/hobbyist...\u001b[39m',
  level: '\u001b[32minfo\u001b[39m',
  timestamp: '2020-12-14 22:46:10'
}
{
  message: '\t\u001b[32mListening on port 3000...\u001b[39m',
  level: '\u001b[32minfo\u001b[39m',
  timestamp: '2020-12-14 22:46:20'
}
{
  message: '\t\u001b[32mConnected to mongodb://localhost/hobbyist...\u001b[39m',
  level: '\u001b[32minfo\u001b[39m',
  timestamp: '2020-12-14 22:46:20'
}
{
  message: '\t\u001b[32mListening on port 3000...\u001b[39m',
  level: '\u001b[32minfo\u001b[39m',
  timestamp: '2020-12-14 22:46:27'
}
{
  message: '\t\u001b[32mConnected to mongodb://localhost/hobbyist...\u001b[39m',
  level: '\u001b[32minfo\u001b[39m',
  timestamp: '2020-12-14 22:46:27'
}
{
  message: '\t\u001b[32mListening on port 3000...\u001b[39m',
  level: '\u001b[32minfo\u001b[39m',
  timestamp: '2020-12-14 22:50:47'
}
{
  message: '\t\u001b[32mConnected to mongodb://localhost/hobbyist...\u001b[39m',
  level: '\u001b[32minfo\u001b[39m',
  timestamp: '2020-12-14 22:50:47'
}
{
  message: '\t\u001b[32mListening on port 3000...\u001b[39m',
  level: '\u001b[32minfo\u001b[39m',
  timestamp: '2020-12-14 22:51:55'
}
{
  message: '\t\u001b[32mConnected to mongodb://localhost/hobbyist...\u001b[39m',
  level: '\u001b[32minfo\u001b[39m',
  timestamp: '2020-12-14 22:51:55'
}
{
  message: '\t\u001b[32mListening on port 3000...\u001b[39m',
  level: '\u001b[32minfo\u001b[39m',
  timestamp: '2020-12-14 22:52:31'
}
{
  message: '\t\u001b[32mConnected to mongodb://localhost/hobbyist...\u001b[39m',
  level: '\u001b[32minfo\u001b[39m',
  timestamp: '2020-12-14 22:52:31'
}
{
  message: '\t\u001b[32mListening on port 3000...\u001b[39m',
  level: '\u001b[32minfo\u001b[39m',
  timestamp: '2020-12-14 22:54:04'
}
{
  message: '\t\u001b[32mConnected to mongodb://localhost/hobbyist...\u001b[39m',
  level: '\u001b[32minfo\u001b[39m',
  timestamp: '2020-12-14 22:54:04'
}
{
  message: '\t\u001b[32mListening on port 3000...\u001b[39m',
  level: '\u001b[32minfo\u001b[39m',
  timestamp: '2020-12-14 23:00:18'
}
{
  message: '\t\u001b[32mConnected to mongodb://localhost/hobbyist...\u001b[39m',
  level: '\u001b[32minfo\u001b[39m',
  timestamp: '2020-12-14 23:00:18'
}
{
  message: '\t\u001b[32mListening on port 3000...\u001b[39m',
  level: '\u001b[32minfo\u001b[39m',
  timestamp: '2020-12-14 23:00:20'
}
{
  message: '\t\u001b[32mConnected to mongodb://localhost/hobbyist...\u001b[39m',
  level: '\u001b[32minfo\u001b[39m',
  timestamp: '2020-12-14 23:00:20'
}
{
  message: '\t\u001b[32mListening on port 3000...\u001b[39m',
  level: '\u001b[32minfo\u001b[39m',
  timestamp: '2020-12-14 23:05:01'
}
{
  message: '\t\u001b[32mConnected to mongodb://localhost/hobbyist...\u001b[39m',
  level: '\u001b[32minfo\u001b[39m',
  timestamp: '2020-12-14 23:05:01'
}
{
  message: '\t\u001b[32mListening on port 3000...\u001b[39m',
  level: '\u001b[32minfo\u001b[39m',
  timestamp: '2020-12-15 20:26:57'
}
{
  message: '\t\u001b[32mConnected to mongodb://localhost/hobbyist...\u001b[39m',
  level: '\u001b[32minfo\u001b[39m',
  timestamp: '2020-12-15 20:26:57'
}
{
  message: '\t\u001b[32mListening on port 3000...\u001b[39m',
  level: '\u001b[32minfo\u001b[39m',
  timestamp: '2020-12-15 21:54:03'
}
{
  message: '\t\u001b[32mConnected to mongodb://localhost/hobbyist...\u001b[39m',
  level: '\u001b[32minfo\u001b[39m',
  timestamp: '2020-12-15 21:54:03'
}
{
  message: '\t\u001b[32mListening on port 3000...\u001b[39m',
  level: '\u001b[32minfo\u001b[39m',
  timestamp: '2020-12-15 21:58:28'
}
{
  message: '\t\u001b[32mConnected to mongodb://localhost/hobbyist...\u001b[39m',
  level: '\u001b[32minfo\u001b[39m',
  timestamp: '2020-12-15 21:58:28'
}
{
  message: '\t\u001b[32mListening on port 3000...\u001b[39m',
  level: '\u001b[32minfo\u001b[39m',
  timestamp: '2020-12-15 21:59:01'
}
{
  message: '\t\u001b[32mConnected to mongodb://localhost/hobbyist...\u001b[39m',
  level: '\u001b[32minfo\u001b[39m',
  timestamp: '2020-12-15 21:59:01'
}
{
  message: '\t\u001b[32mListening on port 3000...\u001b[39m',
  level: '\u001b[32minfo\u001b[39m',
  timestamp: '2020-12-15 21:59:07'
}
{
  message: '\t\u001b[32mConnected to mongodb://localhost/hobbyist...\u001b[39m',
  level: '\u001b[32minfo\u001b[39m',
  timestamp: '2020-12-15 21:59:07'
}
{
  message: '\t\u001b[32mListening on port 3000...\u001b[39m',
  level: '\u001b[32minfo\u001b[39m',
  timestamp: '2020-12-15 21:59:56'
}
{
  message: '\t\u001b[32mConnected to mongodb://localhost/hobbyist...\u001b[39m',
  level: '\u001b[32minfo\u001b[39m',
  timestamp: '2020-12-15 21:59:56'
}
{
  message: '\t\u001b[32mListening on port 3000...\u001b[39m',
  level: '\u001b[32minfo\u001b[39m',
  timestamp: '2020-12-15 22:00:31'
}
{
  message: '\t\u001b[32mConnected to mongodb://localhost/hobbyist...\u001b[39m',
  level: '\u001b[32minfo\u001b[39m',
  timestamp: '2020-12-15 22:00:31'
}
{
  message: '\t\u001b[32mListening on port 3000...\u001b[39m',
  level: '\u001b[32minfo\u001b[39m',
  timestamp: '2020-12-15 22:03:09'
}
{
  message: '\t\u001b[32mConnected to mongodb://localhost/hobbyist...\u001b[39m',
  level: '\u001b[32minfo\u001b[39m',
  timestamp: '2020-12-15 22:03:09'
}
{
  message: '\t\u001b[32mListening on port 3000...\u001b[39m',
  level: '\u001b[32minfo\u001b[39m',
  timestamp: '2020-12-15 22:03:37'
}
{
  message: '\t\u001b[32mConnected to mongodb://localhost/hobbyist...\u001b[39m',
  level: '\u001b[32minfo\u001b[39m',
  timestamp: '2020-12-15 22:03:37'
}
{
  message: '\t\u001b[32mListening on port 3000...\u001b[39m',
  level: '\u001b[32minfo\u001b[39m',
  timestamp: '2020-12-15 22:03:46'
}
{
  message: '\t\u001b[32mConnected to mongodb://localhost/hobbyist...\u001b[39m',
  level: '\u001b[32minfo\u001b[39m',
  timestamp: '2020-12-15 22:03:46'
}
{
  message: '\t\u001b[32mListening on port 3000...\u001b[39m',
  level: '\u001b[32minfo\u001b[39m',
  timestamp: '2020-12-15 22:04:07'
}
{
  message: '\t\u001b[32mConnected to mongodb://localhost/hobbyist...\u001b[39m',
  level: '\u001b[32minfo\u001b[39m',
  timestamp: '2020-12-15 22:04:07'
}
{
  message: '\t\u001b[32mListening on port 3000...\u001b[39m',
  level: '\u001b[32minfo\u001b[39m',
  timestamp: '2020-12-15 22:04:14'
}
{
  message: '\t\u001b[32mConnected to mongodb://localhost/hobbyist...\u001b[39m',
  level: '\u001b[32minfo\u001b[39m',
  timestamp: '2020-12-15 22:04:14'
}
{
  message: '\t\u001b[32mListening on port 3000...\u001b[39m',
  level: '\u001b[32minfo\u001b[39m',
  timestamp: '2020-12-15 22:04:54'
}
{
  message: '\t\u001b[32mConnected to mongodb://localhost/hobbyist...\u001b[39m',
  level: '\u001b[32minfo\u001b[39m',
  timestamp: '2020-12-15 22:04:54'
}
{
  message: '\t\u001b[32mListening on port 3000...\u001b[39m',
  level: '\u001b[32minfo\u001b[39m',
  timestamp: '2020-12-15 22:05:20'
}
{
  message: '\t\u001b[32mConnected to mongodb://localhost/hobbyist...\u001b[39m',
  level: '\u001b[32minfo\u001b[39m',
  timestamp: '2020-12-15 22:05:20'
}
{
  message: '\t\u001b[32mListening on port 3000...\u001b[39m',
  level: '\u001b[32minfo\u001b[39m',
  timestamp: '2020-12-15 22:05:53'
}
{
  message: '\t\u001b[32mConnected to mongodb://localhost/hobbyist...\u001b[39m',
  level: '\u001b[32minfo\u001b[39m',
  timestamp: '2020-12-15 22:05:53'
}
{
  message: '\t\u001b[32mListening on port 3000...\u001b[39m',
  level: '\u001b[32minfo\u001b[39m',
  timestamp: '2020-12-15 22:06:18'
}
{
  message: '\t\u001b[32mConnected to mongodb://localhost/hobbyist...\u001b[39m',
  level: '\u001b[32minfo\u001b[39m',
  timestamp: '2020-12-15 22:06:18'
}
{
  message: '\t\u001b[32mListening on port 3000...\u001b[39m',
  level: '\u001b[32minfo\u001b[39m',
  timestamp: '2020-12-15 22:06:32'
}
{
  message: '\t\u001b[32mConnected to mongodb://localhost/hobbyist...\u001b[39m',
  level: '\u001b[32minfo\u001b[39m',
  timestamp: '2020-12-15 22:06:32'
}
{
  message: '\t\u001b[32mListening on port 3000...\u001b[39m',
  level: '\u001b[32minfo\u001b[39m',
  timestamp: '2020-12-15 22:06:59'
}
{
  message: '\t\u001b[32mConnected to mongodb://localhost/hobbyist...\u001b[39m',
  level: '\u001b[32minfo\u001b[39m',
  timestamp: '2020-12-15 22:06:59'
}
{
  message: '\t\u001b[32mListening on port 3000...\u001b[39m',
  level: '\u001b[32minfo\u001b[39m',
  timestamp: '2020-12-15 22:07:35'
}
{
  message: '\t\u001b[32mConnected to mongodb://localhost/hobbyist...\u001b[39m',
  level: '\u001b[32minfo\u001b[39m',
  timestamp: '2020-12-15 22:07:35'
}
{
  message: '\t\u001b[32mListening on port 3000...\u001b[39m',
  level: '\u001b[32minfo\u001b[39m',
  timestamp: '2020-12-15 22:08:47'
}
{
  message: '\t\u001b[32mConnected to mongodb://localhost/hobbyist...\u001b[39m',
  level: '\u001b[32minfo\u001b[39m',
  timestamp: '2020-12-15 22:08:47'
}
{
  message: '\t\u001b[32mListening on port 3000...\u001b[39m',
  level: '\u001b[32minfo\u001b[39m',
  timestamp: '2020-12-15 22:09:09'
}
{
  message: '\t\u001b[32mConnected to mongodb://localhost/hobbyist...\u001b[39m',
  level: '\u001b[32minfo\u001b[39m',
  timestamp: '2020-12-15 22:09:09'
}
{
  message: '\t\u001b[32mListening on port 3000...\u001b[39m',
  level: '\u001b[32minfo\u001b[39m',
  timestamp: '2020-12-15 22:09:52'
}
{
  message: '\t\u001b[32mConnected to mongodb://localhost/hobbyist...\u001b[39m',
  level: '\u001b[32minfo\u001b[39m',
  timestamp: '2020-12-15 22:09:52'
}
{
  message: '\t\u001b[32mListening on port 3000...\u001b[39m',
  level: '\u001b[32minfo\u001b[39m',
  timestamp: '2020-12-15 22:10:04'
}
{
  message: '\t\u001b[32mConnected to mongodb://localhost/hobbyist...\u001b[39m',
  level: '\u001b[32minfo\u001b[39m',
  timestamp: '2020-12-15 22:10:04'
}
{
  message: '\t\u001b[32mListening on port 3000...\u001b[39m',
  level: '\u001b[32minfo\u001b[39m',
  timestamp: '2020-12-15 22:10:19'
}
{
  message: '\t\u001b[32mConnected to mongodb://localhost/hobbyist...\u001b[39m',
  level: '\u001b[32minfo\u001b[39m',
  timestamp: '2020-12-15 22:10:19'
}
{
  message: '\t\u001b[32mListening on port 3000...\u001b[39m',
  level: '\u001b[32minfo\u001b[39m',
  timestamp: '2020-12-15 22:11:59'
}
{
  message: '\t\u001b[32mConnected to mongodb://localhost/hobbyist...\u001b[39m',
  level: '\u001b[32minfo\u001b[39m',
  timestamp: '2020-12-15 22:11:59'
}
{
  message: '\t\u001b[32mListening on port 3000...\u001b[39m',
  level: '\u001b[32minfo\u001b[39m',
  timestamp: '2020-12-15 22:12:40'
}
{
  message: '\t\u001b[32mConnected to mongodb://localhost/hobbyist...\u001b[39m',
  level: '\u001b[32minfo\u001b[39m',
  timestamp: '2020-12-15 22:12:40'
}
{
  message: '\t\u001b[32mListening on port 3000...\u001b[39m',
  level: '\u001b[32minfo\u001b[39m',
  timestamp: '2020-12-15 22:12:46'
}
{
  message: '\t\u001b[32mConnected to mongodb://localhost/hobbyist...\u001b[39m',
  level: '\u001b[32minfo\u001b[39m',
  timestamp: '2020-12-15 22:12:46'
}
{
  message: '\t\u001b[32mListening on port 3000...\u001b[39m',
  level: '\u001b[32minfo\u001b[39m',
  timestamp: '2020-12-15 22:13:20'
}
{
  message: '\t\u001b[32mConnected to mongodb://localhost/hobbyist...\u001b[39m',
  level: '\u001b[32minfo\u001b[39m',
  timestamp: '2020-12-15 22:13:20'
}
{
  message: '\t\u001b[32mListening on port 3000...\u001b[39m',
  level: '\u001b[32minfo\u001b[39m',
  timestamp: '2020-12-15 22:13:29'
}
{
  message: '\t\u001b[32mConnected to mongodb://localhost/hobbyist...\u001b[39m',
  level: '\u001b[32minfo\u001b[39m',
  timestamp: '2020-12-15 22:13:29'
}
{
  message: '\t\u001b[32mListening on port 3000...\u001b[39m',
  level: '\u001b[32minfo\u001b[39m',
  timestamp: '2020-12-15 22:13:35'
}
{
  message: '\t\u001b[32mConnected to mongodb://localhost/hobbyist...\u001b[39m',
  level: '\u001b[32minfo\u001b[39m',
  timestamp: '2020-12-15 22:13:35'
}
{
  message: '\t\u001b[32mListening on port 3000...\u001b[39m',
  level: '\u001b[32minfo\u001b[39m',
  timestamp: '2020-12-15 22:14:34'
}
{
  message: '\t\u001b[32mConnected to mongodb://localhost/hobbyist...\u001b[39m',
  level: '\u001b[32minfo\u001b[39m',
  timestamp: '2020-12-15 22:14:34'
}
{
  message: '\t\u001b[32mListening on port 3000...\u001b[39m',
  level: '\u001b[32minfo\u001b[39m',
  timestamp: '2020-12-15 22:14:56'
}
{
  message: '\t\u001b[32mConnected to mongodb://localhost/hobbyist...\u001b[39m',
  level: '\u001b[32minfo\u001b[39m',
  timestamp: '2020-12-15 22:14:56'
}
{
  message: '\t\u001b[32mListening on port 3000...\u001b[39m',
  level: '\u001b[32minfo\u001b[39m',
  timestamp: '2020-12-15 22:15:25'
}
{
  message: '\t\u001b[32mConnected to mongodb://localhost/hobbyist...\u001b[39m',
  level: '\u001b[32minfo\u001b[39m',
  timestamp: '2020-12-15 22:15:25'
}
{
  message: '\t\u001b[32mListening on port 3000...\u001b[39m',
  level: '\u001b[32minfo\u001b[39m',
  timestamp: '2020-12-15 22:15:39'
}
{
  message: '\t\u001b[32mConnected to mongodb://localhost/hobbyist...\u001b[39m',
  level: '\u001b[32minfo\u001b[39m',
  timestamp: '2020-12-15 22:15:39'
}
{
  message: '\t\u001b[32mListening on port 3000...\u001b[39m',
  level: '\u001b[32minfo\u001b[39m',
  timestamp: '2020-12-15 22:15:43'
}
{
  message: '\t\u001b[32mConnected to mongodb://localhost/hobbyist...\u001b[39m',
  level: '\u001b[32minfo\u001b[39m',
  timestamp: '2020-12-15 22:15:43'
}
{
  message: '\t\u001b[32mListening on port 3000...\u001b[39m',
  level: '\u001b[32minfo\u001b[39m',
  timestamp: '2020-12-15 22:16:12'
}
{
  message: '\t\u001b[32mConnected to mongodb://localhost/hobbyist...\u001b[39m',
  level: '\u001b[32minfo\u001b[39m',
  timestamp: '2020-12-15 22:16:12'
}
{
  message: '\t\u001b[32mListening on port 3000...\u001b[39m',
  level: '\u001b[32minfo\u001b[39m',
  timestamp: '2020-12-15 22:16:37'
}
{
  message: '\t\u001b[32mConnected to mongodb://localhost/hobbyist...\u001b[39m',
  level: '\u001b[32minfo\u001b[39m',
  timestamp: '2020-12-15 22:16:37'
}
{
  message: '\t\u001b[32mListening on port 3000...\u001b[39m',
  level: '\u001b[32minfo\u001b[39m',
  timestamp: '2020-12-15 22:16:47'
}
{
  message: '\t\u001b[32mConnected to mongodb://localhost/hobbyist...\u001b[39m',
  level: '\u001b[32minfo\u001b[39m',
  timestamp: '2020-12-15 22:16:47'
}
{
  message: '\t\u001b[32mListening on port 3000...\u001b[39m',
  level: '\u001b[32minfo\u001b[39m',
  timestamp: '2020-12-15 22:17:16'
}
{
  message: '\t\u001b[32mConnected to mongodb://localhost/hobbyist...\u001b[39m',
  level: '\u001b[32minfo\u001b[39m',
  timestamp: '2020-12-15 22:17:16'
}
{
  message: '\t\u001b[32mListening on port 3000...\u001b[39m',
  level: '\u001b[32minfo\u001b[39m',
  timestamp: '2020-12-15 22:17:33'
}
{
  message: '\t\u001b[32mConnected to mongodb://localhost/hobbyist...\u001b[39m',
  level: '\u001b[32minfo\u001b[39m',
  timestamp: '2020-12-15 22:17:33'
}
{
  message: '\t\u001b[32mListening on port 3000...\u001b[39m',
  level: '\u001b[32minfo\u001b[39m',
  timestamp: '2020-12-15 22:17:36'
}
{
  message: '\t\u001b[32mConnected to mongodb://localhost/hobbyist...\u001b[39m',
  level: '\u001b[32minfo\u001b[39m',
  timestamp: '2020-12-15 22:17:36'
}
{
  message: '\t\u001b[32mListening on port 3000...\u001b[39m',
  level: '\u001b[32minfo\u001b[39m',
  timestamp: '2020-12-15 22:17:40'
}
{
  message: '\t\u001b[32mConnected to mongodb://localhost/hobbyist...\u001b[39m',
  level: '\u001b[32minfo\u001b[39m',
  timestamp: '2020-12-15 22:17:40'
}
{
  message: '\t\u001b[32mListening on port 3000...\u001b[39m',
  level: '\u001b[32minfo\u001b[39m',
  timestamp: '2020-12-15 22:17:46'
}
{
  message: '\t\u001b[32mConnected to mongodb://localhost/hobbyist...\u001b[39m',
  level: '\u001b[32minfo\u001b[39m',
  timestamp: '2020-12-15 22:17:46'
}
{
  message: '\t\u001b[32mListening on port 3000...\u001b[39m',
  level: '\u001b[32minfo\u001b[39m',
  timestamp: '2020-12-15 22:17:58'
}
{
  message: '\t\u001b[32mConnected to mongodb://localhost/hobbyist...\u001b[39m',
  level: '\u001b[32minfo\u001b[39m',
  timestamp: '2020-12-15 22:17:58'
}
{
  message: '\t\u001b[32mListening on port 3000...\u001b[39m',
  level: '\u001b[32minfo\u001b[39m',
  timestamp: '2020-12-15 22:18:15'
}
{
  message: '\t\u001b[32mConnected to mongodb://localhost/hobbyist...\u001b[39m',
  level: '\u001b[32minfo\u001b[39m',
  timestamp: '2020-12-15 22:18:15'
}
{
  message: '\t\u001b[32mListening on port 3000...\u001b[39m',
  level: '\u001b[32minfo\u001b[39m',
  timestamp: '2020-12-15 22:18:29'
}
{
  message: '\t\u001b[32mConnected to mongodb://localhost/hobbyist...\u001b[39m',
  level: '\u001b[32minfo\u001b[39m',
  timestamp: '2020-12-15 22:18:30'
}
{
  message: '\t\u001b[32mListening on port 3000...\u001b[39m',
  level: '\u001b[32minfo\u001b[39m',
  timestamp: '2020-12-15 22:18:42'
}
{
  message: '\t\u001b[32mConnected to mongodb://localhost/hobbyist...\u001b[39m',
  level: '\u001b[32minfo\u001b[39m',
  timestamp: '2020-12-15 22:18:42'
}
{
  message: '\t\u001b[32mListening on port 3000...\u001b[39m',
  level: '\u001b[32minfo\u001b[39m',
  timestamp: '2020-12-15 22:18:48'
}
{
  message: '\t\u001b[32mConnected to mongodb://localhost/hobbyist...\u001b[39m',
  level: '\u001b[32minfo\u001b[39m',
  timestamp: '2020-12-15 22:18:48'
}
{
  message: '\t\u001b[32mListening on port 3000...\u001b[39m',
  level: '\u001b[32minfo\u001b[39m',
  timestamp: '2020-12-15 22:21:45'
}
{
  message: '\t\u001b[32mConnected to mongodb://localhost/hobbyist...\u001b[39m',
  level: '\u001b[32minfo\u001b[39m',
  timestamp: '2020-12-15 22:21:45'
}
{
  message: '\t\u001b[32mListening on port 3000...\u001b[39m',
  level: '\u001b[32minfo\u001b[39m',
  timestamp: '2020-12-15 22:22:37'
}
{
  message: '\t\u001b[32mConnected to mongodb://localhost/hobbyist...\u001b[39m',
  level: '\u001b[32minfo\u001b[39m',
  timestamp: '2020-12-15 22:22:37'
}
{
  message: '\t\u001b[32mListening on port 3000...\u001b[39m',
  level: '\u001b[32minfo\u001b[39m',
  timestamp: '2020-12-15 22:23:58'
}
{
  message: '\t\u001b[32mConnected to mongodb://localhost/hobbyist...\u001b[39m',
  level: '\u001b[32minfo\u001b[39m',
  timestamp: '2020-12-15 22:23:58'
}
{
  message: '\t\u001b[32mListening on port 3000...\u001b[39m',
  level: '\u001b[32minfo\u001b[39m',
  timestamp: '2020-12-15 22:31:06'
}
{
  message: '\t\u001b[32mConnected to mongodb://localhost/hobbyist...\u001b[39m',
  level: '\u001b[32minfo\u001b[39m',
  timestamp: '2020-12-15 22:31:06'
}
{
  message: '\t\u001b[32mListening on port 3000...\u001b[39m',
  level: '\u001b[32minfo\u001b[39m',
  timestamp: '2020-12-15 22:31:16'
}
{
  message: '\t\u001b[32mConnected to mongodb://localhost/hobbyist...\u001b[39m',
  level: '\u001b[32minfo\u001b[39m',
  timestamp: '2020-12-15 22:31:16'
}
